2020-09-16 12:13:01.067  INFO LAPTOP-CGK4CT9N
		--- [           main] c.p.i.App                                : Starting App on LAPTOP-CGK4CT9N with PID 18060 (C:\Users\jraba\eclipse-workspace\inventorymanagement\target\classes started by jraba in C:\Users\jraba\eclipse-workspace\inventorymanagement)
2020-09-16 12:13:01.103  INFO LAPTOP-CGK4CT9N
		--- [           main] ationConfigEmbeddedWebApplicationContext : Refreshing org.springframework.boot.context.embedded.AnnotationConfigEmbeddedWebApplicationContext@142269f2: startup date [Wed Sep 16 12:13:01 MDT 2020]; root of context hierarchy
2020-09-16 12:13:01.580  INFO LAPTOP-CGK4CT9N
		--- [           main] o.s.b.f.s.DefaultListableBeanFactory     : Overriding bean definition for bean 'beanNameViewResolver': replacing [Root bean: class [null]; scope=; abstract=false; lazyInit=false; autowireMode=3; dependencyCheck=0; autowireCandidate=true; primary=false; factoryBeanName=org.springframework.boot.autoconfigure.web.ErrorMvcAutoConfiguration$WhitelabelErrorViewConfiguration; factoryMethodName=beanNameViewResolver; initMethodName=null; destroyMethodName=(inferred); defined in class path resource [org/springframework/boot/autoconfigure/web/ErrorMvcAutoConfiguration$WhitelabelErrorViewConfiguration.class]] with [Root bean: class [null]; scope=; abstract=false; lazyInit=false; autowireMode=3; dependencyCheck=0; autowireCandidate=true; primary=false; factoryBeanName=org.springframework.boot.autoconfigure.web.WebMvcAutoConfiguration$WebMvcAutoConfigurationAdapter; factoryMethodName=beanNameViewResolver; initMethodName=null; destroyMethodName=(inferred); defined in class path resource [org/springframework/boot/autoconfigure/web/WebMvcAutoConfiguration$WebMvcAutoConfigurationAdapter.class]]
2020-09-16 12:13:01.982  INFO LAPTOP-CGK4CT9N
		--- [           main] o.h.v.i.u.Version                        : HV000001: Hibernate Validator 5.1.3.Final
2020-09-16 12:13:02.127  INFO LAPTOP-CGK4CT9N
		--- [           main] trationDelegate$BeanPostProcessorChecker : Bean 'org.springframework.transaction.annotation.ProxyTransactionManagementConfiguration' of type [class org.springframework.transaction.annotation.ProxyTransactionManagementConfiguration$$EnhancerBySpringCGLIB$$5623bb18] is not eligible for getting processed by all BeanPostProcessors (for example: not eligible for auto-proxying)
2020-09-16 12:13:02.147  INFO LAPTOP-CGK4CT9N
		--- [           main] trationDelegate$BeanPostProcessorChecker : Bean 'transactionAttributeSource' of type [class org.springframework.transaction.annotation.AnnotationTransactionAttributeSource] is not eligible for getting processed by all BeanPostProcessors (for example: not eligible for auto-proxying)
2020-09-16 12:13:02.154  INFO LAPTOP-CGK4CT9N
		--- [           main] trationDelegate$BeanPostProcessorChecker : Bean 'transactionInterceptor' of type [class org.springframework.transaction.interceptor.TransactionInterceptor] is not eligible for getting processed by all BeanPostProcessors (for example: not eligible for auto-proxying)
2020-09-16 12:13:02.158  INFO LAPTOP-CGK4CT9N
		--- [           main] trationDelegate$BeanPostProcessorChecker : Bean 'org.springframework.transaction.config.internalTransactionAdvisor' of type [class org.springframework.transaction.interceptor.BeanFactoryTransactionAttributeSourceAdvisor] is not eligible for getting processed by all BeanPostProcessors (for example: not eligible for auto-proxying)
2020-09-16 12:13:02.553  INFO LAPTOP-CGK4CT9N
		--- [           main] s.b.c.e.t.TomcatEmbeddedServletContainer : Tomcat initialized with port(s): 8080 (http)
2020-09-16 12:13:02.671  INFO LAPTOP-CGK4CT9N
		--- [           main] o.a.c.c.StandardService                  : Starting service Tomcat
2020-09-16 12:13:02.673  INFO LAPTOP-CGK4CT9N
		--- [           main] o.a.c.c.StandardEngine                   : Starting Servlet Engine: Apache Tomcat/8.0.26
2020-09-16 12:13:02.767  INFO LAPTOP-CGK4CT9N
		--- [ost-startStop-1] o.a.c.l.WebappLoader                     : Unknown loader jdk.internal.loader.ClassLoaders$AppClassLoader@7aec35a class jdk.internal.loader.ClassLoaders$AppClassLoader
2020-09-16 12:13:02.790  INFO LAPTOP-CGK4CT9N
		--- [ost-startStop-1] o.a.c.c.C.[.[.[/]                        : Initializing Spring embedded WebApplicationContext
2020-09-16 12:13:02.790  INFO LAPTOP-CGK4CT9N
		--- [ost-startStop-1] o.s.w.c.ContextLoader                    : Root WebApplicationContext: initialization completed in 1693 ms
2020-09-16 12:13:03.376  INFO LAPTOP-CGK4CT9N
		--- [ost-startStop-1] o.s.b.c.e.ServletRegistrationBean        : Mapping servlet: 'dispatcherServlet' to [/]
2020-09-16 12:13:03.381  INFO LAPTOP-CGK4CT9N
		--- [ost-startStop-1] o.s.b.c.e.FilterRegistrationBean         : Mapping filter: 'characterEncodingFilter' to: [/*]
2020-09-16 12:13:03.381  INFO LAPTOP-CGK4CT9N
		--- [ost-startStop-1] o.s.b.c.e.FilterRegistrationBean         : Mapping filter: 'hiddenHttpMethodFilter' to: [/*]
2020-09-16 12:13:03.548  INFO LAPTOP-CGK4CT9N
		--- [ost-startStop-1] o.a.c.u.SessionIdGeneratorBase           : Creation of SecureRandom instance for session ID generation using [SHA1PRNG] took [140] milliseconds.
2020-09-16 12:13:03.831  INFO LAPTOP-CGK4CT9N
		--- [           main] j.LocalContainerEntityManagerFactoryBean : Building JPA container EntityManagerFactory for persistence unit 'default'
2020-09-16 12:13:03.847  INFO LAPTOP-CGK4CT9N
		--- [           main] o.h.j.i.u.LogHelper                      : HHH000204: Processing PersistenceUnitInfo [
	name: default
	...]
2020-09-16 12:13:03.942  INFO LAPTOP-CGK4CT9N
		--- [           main] o.h.Version                              : HHH000412: Hibernate Core {4.3.11.Final}
2020-09-16 12:13:03.944  INFO LAPTOP-CGK4CT9N
		--- [           main] o.h.c.Environment                        : HHH000206: hibernate.properties not found
2020-09-16 12:13:03.946  INFO LAPTOP-CGK4CT9N
		--- [           main] o.h.c.Environment                        : HHH000021: Bytecode provider name : javassist
2020-09-16 12:13:04.117  INFO LAPTOP-CGK4CT9N
		--- [           main] o.h.a.c.Version                          : HCANN000001: Hibernate Commons Annotations {4.0.5.Final}
2020-09-16 12:13:04.778  INFO LAPTOP-CGK4CT9N
		--- [           main] o.h.d.Dialect                            : HHH000400: Using dialect: org.hibernate.dialect.MySQL5Dialect
2020-09-16 12:13:04.909  WARN LAPTOP-CGK4CT9N
		--- [           main] ationConfigEmbeddedWebApplicationContext : Exception encountered during context initialization - cancelling refresh attempt
org.springframework.beans.factory.BeanCreationException: Error creating bean with name 'entityManagerFactory' defined in class path resource [org/springframework/boot/autoconfigure/orm/jpa/HibernateJpaAutoConfiguration.class]: Invocation of init method failed; nested exception is javax.persistence.PersistenceException: [PersistenceUnit: default] Unable to build Hibernate SessionFactory
	at org.springframework.beans.factory.support.AbstractAutowireCapableBeanFactory.initializeBean(AbstractAutowireCapableBeanFactory.java:1574)
	at org.springframework.beans.factory.support.AbstractAutowireCapableBeanFactory.doCreateBean(AbstractAutowireCapableBeanFactory.java:539)
	at org.springframework.beans.factory.support.AbstractAutowireCapableBeanFactory.createBean(AbstractAutowireCapableBeanFactory.java:476)
	at org.springframework.beans.factory.support.AbstractBeanFactory$1.getObject(AbstractBeanFactory.java:303)
	at org.springframework.beans.factory.support.DefaultSingletonBeanRegistry.getSingleton(DefaultSingletonBeanRegistry.java:230)
	at org.springframework.beans.factory.support.AbstractBeanFactory.doGetBean(AbstractBeanFactory.java:299)
	at org.springframework.beans.factory.support.AbstractBeanFactory.getBean(AbstractBeanFactory.java:194)
	at org.springframework.context.support.AbstractApplicationContext.getBean(AbstractApplicationContext.java:956)
	at org.springframework.context.support.AbstractApplicationContext.finishBeanFactoryInitialization(AbstractApplicationContext.java:747)
	at org.springframework.context.support.AbstractApplicationContext.refresh(AbstractApplicationContext.java:480)
	at org.springframework.boot.context.embedded.EmbeddedWebApplicationContext.refresh(EmbeddedWebApplicationContext.java:118)
	at org.springframework.boot.SpringApplication.refresh(SpringApplication.java:687)
	at org.springframework.boot.SpringApplication.run(SpringApplication.java:321)
	at org.springframework.boot.SpringApplication.run(SpringApplication.java:967)
	at org.springframework.boot.SpringApplication.run(SpringApplication.java:956)
	at com.promineotech.inventorymanagement.App.main(App.java:13)
Caused by: javax.persistence.PersistenceException: [PersistenceUnit: default] Unable to build Hibernate SessionFactory
	at org.hibernate.jpa.boot.internal.EntityManagerFactoryBuilderImpl.persistenceException(EntityManagerFactoryBuilderImpl.java:1249)
	at org.hibernate.jpa.boot.internal.EntityManagerFactoryBuilderImpl.access$600(EntityManagerFactoryBuilderImpl.java:120)
	at org.hibernate.jpa.boot.internal.EntityManagerFactoryBuilderImpl$4.perform(EntityManagerFactoryBuilderImpl.java:860)
	at org.hibernate.jpa.boot.internal.EntityManagerFactoryBuilderImpl$4.perform(EntityManagerFactoryBuilderImpl.java:850)
	at org.hibernate.boot.registry.classloading.internal.ClassLoaderServiceImpl.withTccl(ClassLoaderServiceImpl.java:425)
	at org.hibernate.jpa.boot.internal.EntityManagerFactoryBuilderImpl.build(EntityManagerFactoryBuilderImpl.java:849)
	at org.springframework.orm.jpa.vendor.SpringHibernateJpaPersistenceProvider.createContainerEntityManagerFactory(SpringHibernateJpaPersistenceProvider.java:60)
	at org.springframework.orm.jpa.LocalContainerEntityManagerFactoryBean.createNativeEntityManagerFactory(LocalContainerEntityManagerFactoryBean.java:343)
	at org.springframework.orm.jpa.AbstractEntityManagerFactoryBean.afterPropertiesSet(AbstractEntityManagerFactoryBean.java:318)
	at org.springframework.beans.factory.support.AbstractAutowireCapableBeanFactory.invokeInitMethods(AbstractAutowireCapableBeanFactory.java:1633)
	at org.springframework.beans.factory.support.AbstractAutowireCapableBeanFactory.initializeBean(AbstractAutowireCapableBeanFactory.java:1570)
	... 15 more
Caused by: org.hibernate.MappingException: Could not determine type for: java.util.Set, at table: product, for columns: [org.hibernate.mapping.Column(orders)]
	at org.hibernate.mapping.SimpleValue.getType(SimpleValue.java:349)
	at org.hibernate.mapping.SimpleValue.isValid(SimpleValue.java:322)
	at org.hibernate.mapping.Property.isValid(Property.java:241)
	at org.hibernate.mapping.PersistentClass.validate(PersistentClass.java:496)
	at org.hibernate.mapping.RootClass.validate(RootClass.java:270)
	at org.hibernate.cfg.Configuration.validate(Configuration.java:1360)
	at org.hibernate.cfg.Configuration.buildSessionFactory(Configuration.java:1851)
	at org.hibernate.jpa.boot.internal.EntityManagerFactoryBuilderImpl$4.perform(EntityManagerFactoryBuilderImpl.java:857)
	... 23 more
2020-09-16 12:13:04.923  INFO LAPTOP-CGK4CT9N
		--- [           main] o.a.c.c.StandardService                  : Stopping service Tomcat
2020-09-16 12:13:04.933  INFO LAPTOP-CGK4CT9N
		--- [           main] .b.l.ClasspathLoggingApplicationListener : Application failed to start with classpath: unknown
2020-09-16 12:13:04.936  INFO LAPTOP-CGK4CT9N
		--- [           main] utoConfigurationReportLoggingInitializer : 

Error starting ApplicationContext. To display the auto-configuration report enable debug logging (start with --debug)


2020-09-16 12:13:04.936 ERROR LAPTOP-CGK4CT9N
		--- [           main] o.s.b.SpringApplication                  : Application startup failed
org.springframework.beans.factory.BeanCreationException: Error creating bean with name 'entityManagerFactory' defined in class path resource [org/springframework/boot/autoconfigure/orm/jpa/HibernateJpaAutoConfiguration.class]: Invocation of init method failed; nested exception is javax.persistence.PersistenceException: [PersistenceUnit: default] Unable to build Hibernate SessionFactory
	at org.springframework.beans.factory.support.AbstractAutowireCapableBeanFactory.initializeBean(AbstractAutowireCapableBeanFactory.java:1574)
	at org.springframework.beans.factory.support.AbstractAutowireCapableBeanFactory.doCreateBean(AbstractAutowireCapableBeanFactory.java:539)
	at org.springframework.beans.factory.support.AbstractAutowireCapableBeanFactory.createBean(AbstractAutowireCapableBeanFactory.java:476)
	at org.springframework.beans.factory.support.AbstractBeanFactory$1.getObject(AbstractBeanFactory.java:303)
	at org.springframework.beans.factory.support.DefaultSingletonBeanRegistry.getSingleton(DefaultSingletonBeanRegistry.java:230)
	at org.springframework.beans.factory.support.AbstractBeanFactory.doGetBean(AbstractBeanFactory.java:299)
	at org.springframework.beans.factory.support.AbstractBeanFactory.getBean(AbstractBeanFactory.java:194)
	at org.springframework.context.support.AbstractApplicationContext.getBean(AbstractApplicationContext.java:956)
	at org.springframework.context.support.AbstractApplicationContext.finishBeanFactoryInitialization(AbstractApplicationContext.java:747)
	at org.springframework.context.support.AbstractApplicationContext.refresh(AbstractApplicationContext.java:480)
	at org.springframework.boot.context.embedded.EmbeddedWebApplicationContext.refresh(EmbeddedWebApplicationContext.java:118)
	at org.springframework.boot.SpringApplication.refresh(SpringApplication.java:687)
	at org.springframework.boot.SpringApplication.run(SpringApplication.java:321)
	at org.springframework.boot.SpringApplication.run(SpringApplication.java:967)
	at org.springframework.boot.SpringApplication.run(SpringApplication.java:956)
	at com.promineotech.inventorymanagement.App.main(App.java:13)
Caused by: javax.persistence.PersistenceException: [PersistenceUnit: default] Unable to build Hibernate SessionFactory
	at org.hibernate.jpa.boot.internal.EntityManagerFactoryBuilderImpl.persistenceException(EntityManagerFactoryBuilderImpl.java:1249)
	at org.hibernate.jpa.boot.internal.EntityManagerFactoryBuilderImpl.access$600(EntityManagerFactoryBuilderImpl.java:120)
	at org.hibernate.jpa.boot.internal.EntityManagerFactoryBuilderImpl$4.perform(EntityManagerFactoryBuilderImpl.java:860)
	at org.hibernate.jpa.boot.internal.EntityManagerFactoryBuilderImpl$4.perform(EntityManagerFactoryBuilderImpl.java:850)
	at org.hibernate.boot.registry.classloading.internal.ClassLoaderServiceImpl.withTccl(ClassLoaderServiceImpl.java:425)
	at org.hibernate.jpa.boot.internal.EntityManagerFactoryBuilderImpl.build(EntityManagerFactoryBuilderImpl.java:849)
	at org.springframework.orm.jpa.vendor.SpringHibernateJpaPersistenceProvider.createContainerEntityManagerFactory(SpringHibernateJpaPersistenceProvider.java:60)
	at org.springframework.orm.jpa.LocalContainerEntityManagerFactoryBean.createNativeEntityManagerFactory(LocalContainerEntityManagerFactoryBean.java:343)
	at org.springframework.orm.jpa.AbstractEntityManagerFactoryBean.afterPropertiesSet(AbstractEntityManagerFactoryBean.java:318)
	at org.springframework.beans.factory.support.AbstractAutowireCapableBeanFactory.invokeInitMethods(AbstractAutowireCapableBeanFactory.java:1633)
	at org.springframework.beans.factory.support.AbstractAutowireCapableBeanFactory.initializeBean(AbstractAutowireCapableBeanFactory.java:1570)
	... 15 more
Caused by: org.hibernate.MappingException: Could not determine type for: java.util.Set, at table: product, for columns: [org.hibernate.mapping.Column(orders)]
	at org.hibernate.mapping.SimpleValue.getType(SimpleValue.java:349)
	at org.hibernate.mapping.SimpleValue.isValid(SimpleValue.java:322)
	at org.hibernate.mapping.Property.isValid(Property.java:241)
	at org.hibernate.mapping.PersistentClass.validate(PersistentClass.java:496)
	at org.hibernate.mapping.RootClass.validate(RootClass.java:270)
	at org.hibernate.cfg.Configuration.validate(Configuration.java:1360)
	at org.hibernate.cfg.Configuration.buildSessionFactory(Configuration.java:1851)
	at org.hibernate.jpa.boot.internal.EntityManagerFactoryBuilderImpl$4.perform(EntityManagerFactoryBuilderImpl.java:857)
	... 23 more
2020-09-16 12:19:42.638  INFO LAPTOP-CGK4CT9N
		--- [           main] c.p.i.App                                : Starting App on LAPTOP-CGK4CT9N with PID 2436 (C:\Users\jraba\eclipse-workspace\inventorymanagement\target\classes started by jraba in C:\Users\jraba\eclipse-workspace\inventorymanagement)
2020-09-16 12:19:42.668  INFO LAPTOP-CGK4CT9N
		--- [           main] ationConfigEmbeddedWebApplicationContext : Refreshing org.springframework.boot.context.embedded.AnnotationConfigEmbeddedWebApplicationContext@22295ec4: startup date [Wed Sep 16 12:19:42 MDT 2020]; root of context hierarchy
2020-09-16 12:19:43.081  INFO LAPTOP-CGK4CT9N
		--- [           main] o.s.b.f.s.DefaultListableBeanFactory     : Overriding bean definition for bean 'beanNameViewResolver': replacing [Root bean: class [null]; scope=; abstract=false; lazyInit=false; autowireMode=3; dependencyCheck=0; autowireCandidate=true; primary=false; factoryBeanName=org.springframework.boot.autoconfigure.web.ErrorMvcAutoConfiguration$WhitelabelErrorViewConfiguration; factoryMethodName=beanNameViewResolver; initMethodName=null; destroyMethodName=(inferred); defined in class path resource [org/springframework/boot/autoconfigure/web/ErrorMvcAutoConfiguration$WhitelabelErrorViewConfiguration.class]] with [Root bean: class [null]; scope=; abstract=false; lazyInit=false; autowireMode=3; dependencyCheck=0; autowireCandidate=true; primary=false; factoryBeanName=org.springframework.boot.autoconfigure.web.WebMvcAutoConfiguration$WebMvcAutoConfigurationAdapter; factoryMethodName=beanNameViewResolver; initMethodName=null; destroyMethodName=(inferred); defined in class path resource [org/springframework/boot/autoconfigure/web/WebMvcAutoConfiguration$WebMvcAutoConfigurationAdapter.class]]
2020-09-16 12:19:43.510  INFO LAPTOP-CGK4CT9N
		--- [           main] o.h.v.i.u.Version                        : HV000001: Hibernate Validator 5.1.3.Final
2020-09-16 12:19:43.520  WARN LAPTOP-CGK4CT9N
		--- [           main] ationConfigEmbeddedWebApplicationContext : Exception encountered during context initialization - cancelling refresh attempt
org.springframework.beans.factory.BeanCreationException: Error creating bean with name 'org.springframework.boot.context.properties.ConfigurationPropertiesBindingPostProcessor': Invocation of init method failed; nested exception is java.lang.NoClassDefFoundError: javax/xml/bind/ValidationException
	at org.springframework.beans.factory.support.AbstractAutowireCapableBeanFactory.initializeBean(AbstractAutowireCapableBeanFactory.java:1574)
	at org.springframework.beans.factory.support.AbstractAutowireCapableBeanFactory.doCreateBean(AbstractAutowireCapableBeanFactory.java:539)
	at org.springframework.beans.factory.support.AbstractAutowireCapableBeanFactory.createBean(AbstractAutowireCapableBeanFactory.java:476)
	at org.springframework.beans.factory.support.AbstractBeanFactory$1.getObject(AbstractBeanFactory.java:303)
	at org.springframework.beans.factory.support.DefaultSingletonBeanRegistry.getSingleton(DefaultSingletonBeanRegistry.java:230)
	at org.springframework.beans.factory.support.AbstractBeanFactory.doGetBean(AbstractBeanFactory.java:299)
	at org.springframework.beans.factory.support.AbstractBeanFactory.getBean(AbstractBeanFactory.java:199)
	at org.springframework.context.support.PostProcessorRegistrationDelegate.registerBeanPostProcessors(PostProcessorRegistrationDelegate.java:199)
	at org.springframework.context.support.AbstractApplicationContext.registerBeanPostProcessors(AbstractApplicationContext.java:615)
	at org.springframework.context.support.AbstractApplicationContext.refresh(AbstractApplicationContext.java:465)
	at org.springframework.boot.context.embedded.EmbeddedWebApplicationContext.refresh(EmbeddedWebApplicationContext.java:118)
	at org.springframework.boot.SpringApplication.refresh(SpringApplication.java:687)
	at org.springframework.boot.SpringApplication.run(SpringApplication.java:321)
	at org.springframework.boot.SpringApplication.run(SpringApplication.java:967)
	at org.springframework.boot.SpringApplication.run(SpringApplication.java:956)
	at com.promineotech.inventorymanagement.App.main(App.java:13)
Caused by: java.lang.NoClassDefFoundError: javax/xml/bind/ValidationException
	at org.hibernate.validator.internal.engine.ConfigurationImpl.<init>(ConfigurationImpl.java:110)
	at org.hibernate.validator.internal.engine.ConfigurationImpl.<init>(ConfigurationImpl.java:86)
	at org.hibernate.validator.HibernateValidator.createGenericConfiguration(HibernateValidator.java:41)
	at javax.validation.Validation$GenericBootstrapImpl.configure(Validation.java:276)
	at org.springframework.validation.beanvalidation.LocalValidatorFactoryBean.afterPropertiesSet(LocalValidatorFactoryBean.java:223)
	at org.springframework.boot.context.properties.ConfigurationPropertiesBindingPostProcessor$Jsr303ValidatorFactory.run(ConfigurationPropertiesBindingPostProcessor.java:384)
	at org.springframework.boot.context.properties.ConfigurationPropertiesBindingPostProcessor.afterPropertiesSet(ConfigurationPropertiesBindingPostProcessor.java:175)
	at org.springframework.beans.factory.support.AbstractAutowireCapableBeanFactory.invokeInitMethods(AbstractAutowireCapableBeanFactory.java:1633)
	at org.springframework.beans.factory.support.AbstractAutowireCapableBeanFactory.initializeBean(AbstractAutowireCapableBeanFactory.java:1570)
	... 15 more
Caused by: java.lang.ClassNotFoundException: javax.xml.bind.ValidationException
	at java.base/jdk.internal.loader.BuiltinClassLoader.loadClass(BuiltinClassLoader.java:581)
	at java.base/jdk.internal.loader.ClassLoaders$AppClassLoader.loadClass(ClassLoaders.java:178)
	at java.base/java.lang.ClassLoader.loadClass(ClassLoader.java:522)
	... 24 more
2020-09-16 12:19:43.522  INFO LAPTOP-CGK4CT9N
		--- [           main] .b.l.ClasspathLoggingApplicationListener : Application failed to start with classpath: unknown
2020-09-16 12:19:43.522 ERROR LAPTOP-CGK4CT9N
		--- [           main] o.s.b.SpringApplication                  : Application startup failed
org.springframework.beans.factory.BeanCreationException: Error creating bean with name 'org.springframework.boot.context.properties.ConfigurationPropertiesBindingPostProcessor': Invocation of init method failed; nested exception is java.lang.NoClassDefFoundError: javax/xml/bind/ValidationException
	at org.springframework.beans.factory.support.AbstractAutowireCapableBeanFactory.initializeBean(AbstractAutowireCapableBeanFactory.java:1574)
	at org.springframework.beans.factory.support.AbstractAutowireCapableBeanFactory.doCreateBean(AbstractAutowireCapableBeanFactory.java:539)
	at org.springframework.beans.factory.support.AbstractAutowireCapableBeanFactory.createBean(AbstractAutowireCapableBeanFactory.java:476)
	at org.springframework.beans.factory.support.AbstractBeanFactory$1.getObject(AbstractBeanFactory.java:303)
	at org.springframework.beans.factory.support.DefaultSingletonBeanRegistry.getSingleton(DefaultSingletonBeanRegistry.java:230)
	at org.springframework.beans.factory.support.AbstractBeanFactory.doGetBean(AbstractBeanFactory.java:299)
	at org.springframework.beans.factory.support.AbstractBeanFactory.getBean(AbstractBeanFactory.java:199)
	at org.springframework.context.support.PostProcessorRegistrationDelegate.registerBeanPostProcessors(PostProcessorRegistrationDelegate.java:199)
	at org.springframework.context.support.AbstractApplicationContext.registerBeanPostProcessors(AbstractApplicationContext.java:615)
	at org.springframework.context.support.AbstractApplicationContext.refresh(AbstractApplicationContext.java:465)
	at org.springframework.boot.context.embedded.EmbeddedWebApplicationContext.refresh(EmbeddedWebApplicationContext.java:118)
	at org.springframework.boot.SpringApplication.refresh(SpringApplication.java:687)
	at org.springframework.boot.SpringApplication.run(SpringApplication.java:321)
	at org.springframework.boot.SpringApplication.run(SpringApplication.java:967)
	at org.springframework.boot.SpringApplication.run(SpringApplication.java:956)
	at com.promineotech.inventorymanagement.App.main(App.java:13)
Caused by: java.lang.NoClassDefFoundError: javax/xml/bind/ValidationException
	at org.hibernate.validator.internal.engine.ConfigurationImpl.<init>(ConfigurationImpl.java:110)
	at org.hibernate.validator.internal.engine.ConfigurationImpl.<init>(ConfigurationImpl.java:86)
	at org.hibernate.validator.HibernateValidator.createGenericConfiguration(HibernateValidator.java:41)
	at javax.validation.Validation$GenericBootstrapImpl.configure(Validation.java:276)
	at org.springframework.validation.beanvalidation.LocalValidatorFactoryBean.afterPropertiesSet(LocalValidatorFactoryBean.java:223)
	at org.springframework.boot.context.properties.ConfigurationPropertiesBindingPostProcessor$Jsr303ValidatorFactory.run(ConfigurationPropertiesBindingPostProcessor.java:384)
	at org.springframework.boot.context.properties.ConfigurationPropertiesBindingPostProcessor.afterPropertiesSet(ConfigurationPropertiesBindingPostProcessor.java:175)
	at org.springframework.beans.factory.support.AbstractAutowireCapableBeanFactory.invokeInitMethods(AbstractAutowireCapableBeanFactory.java:1633)
	at org.springframework.beans.factory.support.AbstractAutowireCapableBeanFactory.initializeBean(AbstractAutowireCapableBeanFactory.java:1570)
	... 15 more
Caused by: java.lang.ClassNotFoundException: javax.xml.bind.ValidationException
	at java.base/jdk.internal.loader.BuiltinClassLoader.loadClass(BuiltinClassLoader.java:581)
	at java.base/jdk.internal.loader.ClassLoaders$AppClassLoader.loadClass(ClassLoaders.java:178)
	at java.base/java.lang.ClassLoader.loadClass(ClassLoader.java:522)
	... 24 more
2020-09-16 15:28:16.036  INFO LAPTOP-CGK4CT9N
		--- [           main] c.p.i.App                                : Starting App on LAPTOP-CGK4CT9N with PID 2860 (C:\Users\jraba\eclipse-workspace\inventorymanagement\target\classes started by jraba in C:\Users\jraba\eclipse-workspace\inventorymanagement)
2020-09-16 15:28:16.078  INFO LAPTOP-CGK4CT9N
		--- [           main] ationConfigEmbeddedWebApplicationContext : Refreshing org.springframework.boot.context.embedded.AnnotationConfigEmbeddedWebApplicationContext@22295ec4: startup date [Wed Sep 16 15:28:16 MDT 2020]; root of context hierarchy
2020-09-16 15:28:16.583  INFO LAPTOP-CGK4CT9N
		--- [           main] o.s.b.f.s.DefaultListableBeanFactory     : Overriding bean definition for bean 'beanNameViewResolver': replacing [Root bean: class [null]; scope=; abstract=false; lazyInit=false; autowireMode=3; dependencyCheck=0; autowireCandidate=true; primary=false; factoryBeanName=org.springframework.boot.autoconfigure.web.ErrorMvcAutoConfiguration$WhitelabelErrorViewConfiguration; factoryMethodName=beanNameViewResolver; initMethodName=null; destroyMethodName=(inferred); defined in class path resource [org/springframework/boot/autoconfigure/web/ErrorMvcAutoConfiguration$WhitelabelErrorViewConfiguration.class]] with [Root bean: class [null]; scope=; abstract=false; lazyInit=false; autowireMode=3; dependencyCheck=0; autowireCandidate=true; primary=false; factoryBeanName=org.springframework.boot.autoconfigure.web.WebMvcAutoConfiguration$WebMvcAutoConfigurationAdapter; factoryMethodName=beanNameViewResolver; initMethodName=null; destroyMethodName=(inferred); defined in class path resource [org/springframework/boot/autoconfigure/web/WebMvcAutoConfiguration$WebMvcAutoConfigurationAdapter.class]]
2020-09-16 15:28:17.116  INFO LAPTOP-CGK4CT9N
		--- [           main] o.h.v.i.u.Version                        : HV000001: Hibernate Validator 5.1.3.Final
2020-09-16 15:28:17.139  WARN LAPTOP-CGK4CT9N
		--- [           main] ationConfigEmbeddedWebApplicationContext : Exception encountered during context initialization - cancelling refresh attempt
org.springframework.beans.factory.BeanCreationException: Error creating bean with name 'org.springframework.boot.context.properties.ConfigurationPropertiesBindingPostProcessor': Invocation of init method failed; nested exception is java.lang.NoClassDefFoundError: javax/xml/bind/ValidationException
	at org.springframework.beans.factory.support.AbstractAutowireCapableBeanFactory.initializeBean(AbstractAutowireCapableBeanFactory.java:1574)
	at org.springframework.beans.factory.support.AbstractAutowireCapableBeanFactory.doCreateBean(AbstractAutowireCapableBeanFactory.java:539)
	at org.springframework.beans.factory.support.AbstractAutowireCapableBeanFactory.createBean(AbstractAutowireCapableBeanFactory.java:476)
	at org.springframework.beans.factory.support.AbstractBeanFactory$1.getObject(AbstractBeanFactory.java:303)
	at org.springframework.beans.factory.support.DefaultSingletonBeanRegistry.getSingleton(DefaultSingletonBeanRegistry.java:230)
	at org.springframework.beans.factory.support.AbstractBeanFactory.doGetBean(AbstractBeanFactory.java:299)
	at org.springframework.beans.factory.support.AbstractBeanFactory.getBean(AbstractBeanFactory.java:199)
	at org.springframework.context.support.PostProcessorRegistrationDelegate.registerBeanPostProcessors(PostProcessorRegistrationDelegate.java:199)
	at org.springframework.context.support.AbstractApplicationContext.registerBeanPostProcessors(AbstractApplicationContext.java:615)
	at org.springframework.context.support.AbstractApplicationContext.refresh(AbstractApplicationContext.java:465)
	at org.springframework.boot.context.embedded.EmbeddedWebApplicationContext.refresh(EmbeddedWebApplicationContext.java:118)
	at org.springframework.boot.SpringApplication.refresh(SpringApplication.java:687)
	at org.springframework.boot.SpringApplication.run(SpringApplication.java:321)
	at org.springframework.boot.SpringApplication.run(SpringApplication.java:967)
	at org.springframework.boot.SpringApplication.run(SpringApplication.java:956)
	at com.promineotech.inventorymanagement.App.main(App.java:13)
Caused by: java.lang.NoClassDefFoundError: javax/xml/bind/ValidationException
	at java.base/java.lang.ClassLoader.defineClass1(Native Method)
	at java.base/java.lang.ClassLoader.defineClass(ClassLoader.java:1017)
	at java.base/java.security.SecureClassLoader.defineClass(SecureClassLoader.java:174)
	at java.base/jdk.internal.loader.BuiltinClassLoader.defineClass(BuiltinClassLoader.java:800)
	at java.base/jdk.internal.loader.BuiltinClassLoader.findClassOnClassPathOrNull(BuiltinClassLoader.java:698)
	at java.base/jdk.internal.loader.BuiltinClassLoader.loadClassOrNull(BuiltinClassLoader.java:621)
	at java.base/jdk.internal.loader.BuiltinClassLoader.loadClass(BuiltinClassLoader.java:579)
	at java.base/jdk.internal.loader.ClassLoaders$AppClassLoader.loadClass(ClassLoaders.java:178)
	at java.base/java.lang.ClassLoader.loadClass(ClassLoader.java:522)
	at org.hibernate.validator.internal.engine.ConfigurationImpl.<init>(ConfigurationImpl.java:110)
	at org.hibernate.validator.internal.engine.ConfigurationImpl.<init>(ConfigurationImpl.java:86)
	at org.hibernate.validator.HibernateValidator.createGenericConfiguration(HibernateValidator.java:41)
	at javax.validation.Validation$GenericBootstrapImpl.configure(Validation.java:276)
	at org.springframework.validation.beanvalidation.LocalValidatorFactoryBean.afterPropertiesSet(LocalValidatorFactoryBean.java:223)
	at org.springframework.boot.context.properties.ConfigurationPropertiesBindingPostProcessor$Jsr303ValidatorFactory.run(ConfigurationPropertiesBindingPostProcessor.java:384)
	at org.springframework.boot.context.properties.ConfigurationPropertiesBindingPostProcessor.afterPropertiesSet(ConfigurationPropertiesBindingPostProcessor.java:175)
	at org.springframework.beans.factory.support.AbstractAutowireCapableBeanFactory.invokeInitMethods(AbstractAutowireCapableBeanFactory.java:1633)
	at org.springframework.beans.factory.support.AbstractAutowireCapableBeanFactory.initializeBean(AbstractAutowireCapableBeanFactory.java:1570)
	... 15 more
Caused by: java.lang.ClassNotFoundException: javax.xml.bind.ValidationException
	at java.base/jdk.internal.loader.BuiltinClassLoader.loadClass(BuiltinClassLoader.java:581)
	at java.base/jdk.internal.loader.ClassLoaders$AppClassLoader.loadClass(ClassLoaders.java:178)
	at java.base/java.lang.ClassLoader.loadClass(ClassLoader.java:522)
	... 33 more
2020-09-16 15:28:17.142  INFO LAPTOP-CGK4CT9N
		--- [           main] .b.l.ClasspathLoggingApplicationListener : Application failed to start with classpath: unknown
2020-09-16 15:28:17.143 ERROR LAPTOP-CGK4CT9N
		--- [           main] o.s.b.SpringApplication                  : Application startup failed
org.springframework.beans.factory.BeanCreationException: Error creating bean with name 'org.springframework.boot.context.properties.ConfigurationPropertiesBindingPostProcessor': Invocation of init method failed; nested exception is java.lang.NoClassDefFoundError: javax/xml/bind/ValidationException
	at org.springframework.beans.factory.support.AbstractAutowireCapableBeanFactory.initializeBean(AbstractAutowireCapableBeanFactory.java:1574)
	at org.springframework.beans.factory.support.AbstractAutowireCapableBeanFactory.doCreateBean(AbstractAutowireCapableBeanFactory.java:539)
	at org.springframework.beans.factory.support.AbstractAutowireCapableBeanFactory.createBean(AbstractAutowireCapableBeanFactory.java:476)
	at org.springframework.beans.factory.support.AbstractBeanFactory$1.getObject(AbstractBeanFactory.java:303)
	at org.springframework.beans.factory.support.DefaultSingletonBeanRegistry.getSingleton(DefaultSingletonBeanRegistry.java:230)
	at org.springframework.beans.factory.support.AbstractBeanFactory.doGetBean(AbstractBeanFactory.java:299)
	at org.springframework.beans.factory.support.AbstractBeanFactory.getBean(AbstractBeanFactory.java:199)
	at org.springframework.context.support.PostProcessorRegistrationDelegate.registerBeanPostProcessors(PostProcessorRegistrationDelegate.java:199)
	at org.springframework.context.support.AbstractApplicationContext.registerBeanPostProcessors(AbstractApplicationContext.java:615)
	at org.springframework.context.support.AbstractApplicationContext.refresh(AbstractApplicationContext.java:465)
	at org.springframework.boot.context.embedded.EmbeddedWebApplicationContext.refresh(EmbeddedWebApplicationContext.java:118)
	at org.springframework.boot.SpringApplication.refresh(SpringApplication.java:687)
	at org.springframework.boot.SpringApplication.run(SpringApplication.java:321)
	at org.springframework.boot.SpringApplication.run(SpringApplication.java:967)
	at org.springframework.boot.SpringApplication.run(SpringApplication.java:956)
	at com.promineotech.inventorymanagement.App.main(App.java:13)
Caused by: java.lang.NoClassDefFoundError: javax/xml/bind/ValidationException
	at java.base/java.lang.ClassLoader.defineClass1(Native Method)
	at java.base/java.lang.ClassLoader.defineClass(ClassLoader.java:1017)
	at java.base/java.security.SecureClassLoader.defineClass(SecureClassLoader.java:174)
	at java.base/jdk.internal.loader.BuiltinClassLoader.defineClass(BuiltinClassLoader.java:800)
	at java.base/jdk.internal.loader.BuiltinClassLoader.findClassOnClassPathOrNull(BuiltinClassLoader.java:698)
	at java.base/jdk.internal.loader.BuiltinClassLoader.loadClassOrNull(BuiltinClassLoader.java:621)
	at java.base/jdk.internal.loader.BuiltinClassLoader.loadClass(BuiltinClassLoader.java:579)
	at java.base/jdk.internal.loader.ClassLoaders$AppClassLoader.loadClass(ClassLoaders.java:178)
	at java.base/java.lang.ClassLoader.loadClass(ClassLoader.java:522)
	at org.hibernate.validator.internal.engine.ConfigurationImpl.<init>(ConfigurationImpl.java:110)
	at org.hibernate.validator.internal.engine.ConfigurationImpl.<init>(ConfigurationImpl.java:86)
	at org.hibernate.validator.HibernateValidator.createGenericConfiguration(HibernateValidator.java:41)
	at javax.validation.Validation$GenericBootstrapImpl.configure(Validation.java:276)
	at org.springframework.validation.beanvalidation.LocalValidatorFactoryBean.afterPropertiesSet(LocalValidatorFactoryBean.java:223)
	at org.springframework.boot.context.properties.ConfigurationPropertiesBindingPostProcessor$Jsr303ValidatorFactory.run(ConfigurationPropertiesBindingPostProcessor.java:384)
	at org.springframework.boot.context.properties.ConfigurationPropertiesBindingPostProcessor.afterPropertiesSet(ConfigurationPropertiesBindingPostProcessor.java:175)
	at org.springframework.beans.factory.support.AbstractAutowireCapableBeanFactory.invokeInitMethods(AbstractAutowireCapableBeanFactory.java:1633)
	at org.springframework.beans.factory.support.AbstractAutowireCapableBeanFactory.initializeBean(AbstractAutowireCapableBeanFactory.java:1570)
	... 15 more
Caused by: java.lang.ClassNotFoundException: javax.xml.bind.ValidationException
	at java.base/jdk.internal.loader.BuiltinClassLoader.loadClass(BuiltinClassLoader.java:581)
	at java.base/jdk.internal.loader.ClassLoaders$AppClassLoader.loadClass(ClassLoaders.java:178)
	at java.base/java.lang.ClassLoader.loadClass(ClassLoader.java:522)
	... 33 more
2020-09-16 15:30:45.339  INFO LAPTOP-CGK4CT9N
		--- [           main] c.p.i.App                                : Starting App on LAPTOP-CGK4CT9N with PID 15344 (C:\Users\jraba\eclipse-workspace\inventorymanagement\target\classes started by jraba in C:\Users\jraba\eclipse-workspace\inventorymanagement)
2020-09-16 15:30:45.383  INFO LAPTOP-CGK4CT9N
		--- [           main] ationConfigEmbeddedWebApplicationContext : Refreshing org.springframework.boot.context.embedded.AnnotationConfigEmbeddedWebApplicationContext@22295ec4: startup date [Wed Sep 16 15:30:45 MDT 2020]; root of context hierarchy
2020-09-16 15:30:45.944  INFO LAPTOP-CGK4CT9N
		--- [           main] o.s.b.f.s.DefaultListableBeanFactory     : Overriding bean definition for bean 'beanNameViewResolver': replacing [Root bean: class [null]; scope=; abstract=false; lazyInit=false; autowireMode=3; dependencyCheck=0; autowireCandidate=true; primary=false; factoryBeanName=org.springframework.boot.autoconfigure.web.ErrorMvcAutoConfiguration$WhitelabelErrorViewConfiguration; factoryMethodName=beanNameViewResolver; initMethodName=null; destroyMethodName=(inferred); defined in class path resource [org/springframework/boot/autoconfigure/web/ErrorMvcAutoConfiguration$WhitelabelErrorViewConfiguration.class]] with [Root bean: class [null]; scope=; abstract=false; lazyInit=false; autowireMode=3; dependencyCheck=0; autowireCandidate=true; primary=false; factoryBeanName=org.springframework.boot.autoconfigure.web.WebMvcAutoConfiguration$WebMvcAutoConfigurationAdapter; factoryMethodName=beanNameViewResolver; initMethodName=null; destroyMethodName=(inferred); defined in class path resource [org/springframework/boot/autoconfigure/web/WebMvcAutoConfiguration$WebMvcAutoConfigurationAdapter.class]]
2020-09-16 15:30:46.409  INFO LAPTOP-CGK4CT9N
		--- [           main] o.h.v.i.u.Version                        : HV000001: Hibernate Validator 5.1.3.Final
2020-09-16 15:30:46.420  WARN LAPTOP-CGK4CT9N
		--- [           main] ationConfigEmbeddedWebApplicationContext : Exception encountered during context initialization - cancelling refresh attempt
org.springframework.beans.factory.BeanCreationException: Error creating bean with name 'org.springframework.boot.context.properties.ConfigurationPropertiesBindingPostProcessor': Invocation of init method failed; nested exception is java.lang.NoClassDefFoundError: javax/xml/bind/ValidationException
	at org.springframework.beans.factory.support.AbstractAutowireCapableBeanFactory.initializeBean(AbstractAutowireCapableBeanFactory.java:1574)
	at org.springframework.beans.factory.support.AbstractAutowireCapableBeanFactory.doCreateBean(AbstractAutowireCapableBeanFactory.java:539)
	at org.springframework.beans.factory.support.AbstractAutowireCapableBeanFactory.createBean(AbstractAutowireCapableBeanFactory.java:476)
	at org.springframework.beans.factory.support.AbstractBeanFactory$1.getObject(AbstractBeanFactory.java:303)
	at org.springframework.beans.factory.support.DefaultSingletonBeanRegistry.getSingleton(DefaultSingletonBeanRegistry.java:230)
	at org.springframework.beans.factory.support.AbstractBeanFactory.doGetBean(AbstractBeanFactory.java:299)
	at org.springframework.beans.factory.support.AbstractBeanFactory.getBean(AbstractBeanFactory.java:199)
	at org.springframework.context.support.PostProcessorRegistrationDelegate.registerBeanPostProcessors(PostProcessorRegistrationDelegate.java:199)
	at org.springframework.context.support.AbstractApplicationContext.registerBeanPostProcessors(AbstractApplicationContext.java:615)
	at org.springframework.context.support.AbstractApplicationContext.refresh(AbstractApplicationContext.java:465)
	at org.springframework.boot.context.embedded.EmbeddedWebApplicationContext.refresh(EmbeddedWebApplicationContext.java:118)
	at org.springframework.boot.SpringApplication.refresh(SpringApplication.java:687)
	at org.springframework.boot.SpringApplication.run(SpringApplication.java:321)
	at org.springframework.boot.SpringApplication.run(SpringApplication.java:967)
	at org.springframework.boot.SpringApplication.run(SpringApplication.java:956)
	at com.promineotech.inventorymanagement.App.main(App.java:13)
Caused by: java.lang.NoClassDefFoundError: javax/xml/bind/ValidationException
	at org.hibernate.validator.internal.engine.ConfigurationImpl.<init>(ConfigurationImpl.java:110)
	at org.hibernate.validator.internal.engine.ConfigurationImpl.<init>(ConfigurationImpl.java:86)
	at org.hibernate.validator.HibernateValidator.createGenericConfiguration(HibernateValidator.java:41)
	at javax.validation.Validation$GenericBootstrapImpl.configure(Validation.java:276)
	at org.springframework.validation.beanvalidation.LocalValidatorFactoryBean.afterPropertiesSet(LocalValidatorFactoryBean.java:223)
	at org.springframework.boot.context.properties.ConfigurationPropertiesBindingPostProcessor$Jsr303ValidatorFactory.run(ConfigurationPropertiesBindingPostProcessor.java:384)
	at org.springframework.boot.context.properties.ConfigurationPropertiesBindingPostProcessor.afterPropertiesSet(ConfigurationPropertiesBindingPostProcessor.java:175)
	at org.springframework.beans.factory.support.AbstractAutowireCapableBeanFactory.invokeInitMethods(AbstractAutowireCapableBeanFactory.java:1633)
	at org.springframework.beans.factory.support.AbstractAutowireCapableBeanFactory.initializeBean(AbstractAutowireCapableBeanFactory.java:1570)
	... 15 more
Caused by: java.lang.ClassNotFoundException: javax.xml.bind.ValidationException
	at java.base/jdk.internal.loader.BuiltinClassLoader.loadClass(BuiltinClassLoader.java:581)
	at java.base/jdk.internal.loader.ClassLoaders$AppClassLoader.loadClass(ClassLoaders.java:178)
	at java.base/java.lang.ClassLoader.loadClass(ClassLoader.java:522)
	... 24 more
2020-09-16 15:30:46.423  INFO LAPTOP-CGK4CT9N
		--- [           main] .b.l.ClasspathLoggingApplicationListener : Application failed to start with classpath: unknown
2020-09-16 15:30:46.423 ERROR LAPTOP-CGK4CT9N
		--- [           main] o.s.b.SpringApplication                  : Application startup failed
org.springframework.beans.factory.BeanCreationException: Error creating bean with name 'org.springframework.boot.context.properties.ConfigurationPropertiesBindingPostProcessor': Invocation of init method failed; nested exception is java.lang.NoClassDefFoundError: javax/xml/bind/ValidationException
	at org.springframework.beans.factory.support.AbstractAutowireCapableBeanFactory.initializeBean(AbstractAutowireCapableBeanFactory.java:1574)
	at org.springframework.beans.factory.support.AbstractAutowireCapableBeanFactory.doCreateBean(AbstractAutowireCapableBeanFactory.java:539)
	at org.springframework.beans.factory.support.AbstractAutowireCapableBeanFactory.createBean(AbstractAutowireCapableBeanFactory.java:476)
	at org.springframework.beans.factory.support.AbstractBeanFactory$1.getObject(AbstractBeanFactory.java:303)
	at org.springframework.beans.factory.support.DefaultSingletonBeanRegistry.getSingleton(DefaultSingletonBeanRegistry.java:230)
	at org.springframework.beans.factory.support.AbstractBeanFactory.doGetBean(AbstractBeanFactory.java:299)
	at org.springframework.beans.factory.support.AbstractBeanFactory.getBean(AbstractBeanFactory.java:199)
	at org.springframework.context.support.PostProcessorRegistrationDelegate.registerBeanPostProcessors(PostProcessorRegistrationDelegate.java:199)
	at org.springframework.context.support.AbstractApplicationContext.registerBeanPostProcessors(AbstractApplicationContext.java:615)
	at org.springframework.context.support.AbstractApplicationContext.refresh(AbstractApplicationContext.java:465)
	at org.springframework.boot.context.embedded.EmbeddedWebApplicationContext.refresh(EmbeddedWebApplicationContext.java:118)
	at org.springframework.boot.SpringApplication.refresh(SpringApplication.java:687)
	at org.springframework.boot.SpringApplication.run(SpringApplication.java:321)
	at org.springframework.boot.SpringApplication.run(SpringApplication.java:967)
	at org.springframework.boot.SpringApplication.run(SpringApplication.java:956)
	at com.promineotech.inventorymanagement.App.main(App.java:13)
Caused by: java.lang.NoClassDefFoundError: javax/xml/bind/ValidationException
	at org.hibernate.validator.internal.engine.ConfigurationImpl.<init>(ConfigurationImpl.java:110)
	at org.hibernate.validator.internal.engine.ConfigurationImpl.<init>(ConfigurationImpl.java:86)
	at org.hibernate.validator.HibernateValidator.createGenericConfiguration(HibernateValidator.java:41)
	at javax.validation.Validation$GenericBootstrapImpl.configure(Validation.java:276)
	at org.springframework.validation.beanvalidation.LocalValidatorFactoryBean.afterPropertiesSet(LocalValidatorFactoryBean.java:223)
	at org.springframework.boot.context.properties.ConfigurationPropertiesBindingPostProcessor$Jsr303ValidatorFactory.run(ConfigurationPropertiesBindingPostProcessor.java:384)
	at org.springframework.boot.context.properties.ConfigurationPropertiesBindingPostProcessor.afterPropertiesSet(ConfigurationPropertiesBindingPostProcessor.java:175)
	at org.springframework.beans.factory.support.AbstractAutowireCapableBeanFactory.invokeInitMethods(AbstractAutowireCapableBeanFactory.java:1633)
	at org.springframework.beans.factory.support.AbstractAutowireCapableBeanFactory.initializeBean(AbstractAutowireCapableBeanFactory.java:1570)
	... 15 more
Caused by: java.lang.ClassNotFoundException: javax.xml.bind.ValidationException
	at java.base/jdk.internal.loader.BuiltinClassLoader.loadClass(BuiltinClassLoader.java:581)
	at java.base/jdk.internal.loader.ClassLoaders$AppClassLoader.loadClass(ClassLoaders.java:178)
	at java.base/java.lang.ClassLoader.loadClass(ClassLoader.java:522)
	... 24 more
2020-09-16 15:36:10.550  INFO LAPTOP-CGK4CT9N
		--- [           main] c.p.i.App                                : Starting App on LAPTOP-CGK4CT9N with PID 20484 (C:\Users\jraba\eclipse-workspace\inventorymanagement\target\classes started by jraba in C:\Users\jraba\eclipse-workspace\inventorymanagement)
2020-09-16 15:36:10.591  INFO LAPTOP-CGK4CT9N
		--- [           main] ationConfigEmbeddedWebApplicationContext : Refreshing org.springframework.boot.context.embedded.AnnotationConfigEmbeddedWebApplicationContext@22295ec4: startup date [Wed Sep 16 15:36:10 MDT 2020]; root of context hierarchy
2020-09-16 15:36:11.143  INFO LAPTOP-CGK4CT9N
		--- [           main] o.s.b.f.s.DefaultListableBeanFactory     : Overriding bean definition for bean 'beanNameViewResolver': replacing [Root bean: class [null]; scope=; abstract=false; lazyInit=false; autowireMode=3; dependencyCheck=0; autowireCandidate=true; primary=false; factoryBeanName=org.springframework.boot.autoconfigure.web.ErrorMvcAutoConfiguration$WhitelabelErrorViewConfiguration; factoryMethodName=beanNameViewResolver; initMethodName=null; destroyMethodName=(inferred); defined in class path resource [org/springframework/boot/autoconfigure/web/ErrorMvcAutoConfiguration$WhitelabelErrorViewConfiguration.class]] with [Root bean: class [null]; scope=; abstract=false; lazyInit=false; autowireMode=3; dependencyCheck=0; autowireCandidate=true; primary=false; factoryBeanName=org.springframework.boot.autoconfigure.web.WebMvcAutoConfiguration$WebMvcAutoConfigurationAdapter; factoryMethodName=beanNameViewResolver; initMethodName=null; destroyMethodName=(inferred); defined in class path resource [org/springframework/boot/autoconfigure/web/WebMvcAutoConfiguration$WebMvcAutoConfigurationAdapter.class]]
2020-09-16 15:36:11.662  INFO LAPTOP-CGK4CT9N
		--- [           main] o.h.v.i.u.Version                        : HV000001: Hibernate Validator 5.1.3.Final
2020-09-16 15:36:11.674  WARN LAPTOP-CGK4CT9N
		--- [           main] ationConfigEmbeddedWebApplicationContext : Exception encountered during context initialization - cancelling refresh attempt
org.springframework.beans.factory.BeanCreationException: Error creating bean with name 'org.springframework.boot.context.properties.ConfigurationPropertiesBindingPostProcessor': Invocation of init method failed; nested exception is java.lang.NoClassDefFoundError: javax/xml/bind/ValidationException
	at org.springframework.beans.factory.support.AbstractAutowireCapableBeanFactory.initializeBean(AbstractAutowireCapableBeanFactory.java:1574)
	at org.springframework.beans.factory.support.AbstractAutowireCapableBeanFactory.doCreateBean(AbstractAutowireCapableBeanFactory.java:539)
	at org.springframework.beans.factory.support.AbstractAutowireCapableBeanFactory.createBean(AbstractAutowireCapableBeanFactory.java:476)
	at org.springframework.beans.factory.support.AbstractBeanFactory$1.getObject(AbstractBeanFactory.java:303)
	at org.springframework.beans.factory.support.DefaultSingletonBeanRegistry.getSingleton(DefaultSingletonBeanRegistry.java:230)
	at org.springframework.beans.factory.support.AbstractBeanFactory.doGetBean(AbstractBeanFactory.java:299)
	at org.springframework.beans.factory.support.AbstractBeanFactory.getBean(AbstractBeanFactory.java:199)
	at org.springframework.context.support.PostProcessorRegistrationDelegate.registerBeanPostProcessors(PostProcessorRegistrationDelegate.java:199)
	at org.springframework.context.support.AbstractApplicationContext.registerBeanPostProcessors(AbstractApplicationContext.java:615)
	at org.springframework.context.support.AbstractApplicationContext.refresh(AbstractApplicationContext.java:465)
	at org.springframework.boot.context.embedded.EmbeddedWebApplicationContext.refresh(EmbeddedWebApplicationContext.java:118)
	at org.springframework.boot.SpringApplication.refresh(SpringApplication.java:687)
	at org.springframework.boot.SpringApplication.run(SpringApplication.java:321)
	at org.springframework.boot.SpringApplication.run(SpringApplication.java:967)
	at org.springframework.boot.SpringApplication.run(SpringApplication.java:956)
	at com.promineotech.inventorymanagement.App.main(App.java:13)
Caused by: java.lang.NoClassDefFoundError: javax/xml/bind/ValidationException
	at org.hibernate.validator.internal.engine.ConfigurationImpl.<init>(ConfigurationImpl.java:110)
	at org.hibernate.validator.internal.engine.ConfigurationImpl.<init>(ConfigurationImpl.java:86)
	at org.hibernate.validator.HibernateValidator.createGenericConfiguration(HibernateValidator.java:41)
	at javax.validation.Validation$GenericBootstrapImpl.configure(Validation.java:276)
	at org.springframework.validation.beanvalidation.LocalValidatorFactoryBean.afterPropertiesSet(LocalValidatorFactoryBean.java:223)
	at org.springframework.boot.context.properties.ConfigurationPropertiesBindingPostProcessor$Jsr303ValidatorFactory.run(ConfigurationPropertiesBindingPostProcessor.java:384)
	at org.springframework.boot.context.properties.ConfigurationPropertiesBindingPostProcessor.afterPropertiesSet(ConfigurationPropertiesBindingPostProcessor.java:175)
	at org.springframework.beans.factory.support.AbstractAutowireCapableBeanFactory.invokeInitMethods(AbstractAutowireCapableBeanFactory.java:1633)
	at org.springframework.beans.factory.support.AbstractAutowireCapableBeanFactory.initializeBean(AbstractAutowireCapableBeanFactory.java:1570)
	... 15 more
Caused by: java.lang.ClassNotFoundException: javax.xml.bind.ValidationException
	at java.base/jdk.internal.loader.BuiltinClassLoader.loadClass(BuiltinClassLoader.java:581)
	at java.base/jdk.internal.loader.ClassLoaders$AppClassLoader.loadClass(ClassLoaders.java:178)
	at java.base/java.lang.ClassLoader.loadClass(ClassLoader.java:522)
	... 24 more
2020-09-16 15:36:11.677  INFO LAPTOP-CGK4CT9N
		--- [           main] .b.l.ClasspathLoggingApplicationListener : Application failed to start with classpath: unknown
2020-09-16 15:36:11.677 ERROR LAPTOP-CGK4CT9N
		--- [           main] o.s.b.SpringApplication                  : Application startup failed
org.springframework.beans.factory.BeanCreationException: Error creating bean with name 'org.springframework.boot.context.properties.ConfigurationPropertiesBindingPostProcessor': Invocation of init method failed; nested exception is java.lang.NoClassDefFoundError: javax/xml/bind/ValidationException
	at org.springframework.beans.factory.support.AbstractAutowireCapableBeanFactory.initializeBean(AbstractAutowireCapableBeanFactory.java:1574)
	at org.springframework.beans.factory.support.AbstractAutowireCapableBeanFactory.doCreateBean(AbstractAutowireCapableBeanFactory.java:539)
	at org.springframework.beans.factory.support.AbstractAutowireCapableBeanFactory.createBean(AbstractAutowireCapableBeanFactory.java:476)
	at org.springframework.beans.factory.support.AbstractBeanFactory$1.getObject(AbstractBeanFactory.java:303)
	at org.springframework.beans.factory.support.DefaultSingletonBeanRegistry.getSingleton(DefaultSingletonBeanRegistry.java:230)
	at org.springframework.beans.factory.support.AbstractBeanFactory.doGetBean(AbstractBeanFactory.java:299)
	at org.springframework.beans.factory.support.AbstractBeanFactory.getBean(AbstractBeanFactory.java:199)
	at org.springframework.context.support.PostProcessorRegistrationDelegate.registerBeanPostProcessors(PostProcessorRegistrationDelegate.java:199)
	at org.springframework.context.support.AbstractApplicationContext.registerBeanPostProcessors(AbstractApplicationContext.java:615)
	at org.springframework.context.support.AbstractApplicationContext.refresh(AbstractApplicationContext.java:465)
	at org.springframework.boot.context.embedded.EmbeddedWebApplicationContext.refresh(EmbeddedWebApplicationContext.java:118)
	at org.springframework.boot.SpringApplication.refresh(SpringApplication.java:687)
	at org.springframework.boot.SpringApplication.run(SpringApplication.java:321)
	at org.springframework.boot.SpringApplication.run(SpringApplication.java:967)
	at org.springframework.boot.SpringApplication.run(SpringApplication.java:956)
	at com.promineotech.inventorymanagement.App.main(App.java:13)
Caused by: java.lang.NoClassDefFoundError: javax/xml/bind/ValidationException
	at org.hibernate.validator.internal.engine.ConfigurationImpl.<init>(ConfigurationImpl.java:110)
	at org.hibernate.validator.internal.engine.ConfigurationImpl.<init>(ConfigurationImpl.java:86)
	at org.hibernate.validator.HibernateValidator.createGenericConfiguration(HibernateValidator.java:41)
	at javax.validation.Validation$GenericBootstrapImpl.configure(Validation.java:276)
	at org.springframework.validation.beanvalidation.LocalValidatorFactoryBean.afterPropertiesSet(LocalValidatorFactoryBean.java:223)
	at org.springframework.boot.context.properties.ConfigurationPropertiesBindingPostProcessor$Jsr303ValidatorFactory.run(ConfigurationPropertiesBindingPostProcessor.java:384)
	at org.springframework.boot.context.properties.ConfigurationPropertiesBindingPostProcessor.afterPropertiesSet(ConfigurationPropertiesBindingPostProcessor.java:175)
	at org.springframework.beans.factory.support.AbstractAutowireCapableBeanFactory.invokeInitMethods(AbstractAutowireCapableBeanFactory.java:1633)
	at org.springframework.beans.factory.support.AbstractAutowireCapableBeanFactory.initializeBean(AbstractAutowireCapableBeanFactory.java:1570)
	... 15 more
Caused by: java.lang.ClassNotFoundException: javax.xml.bind.ValidationException
	at java.base/jdk.internal.loader.BuiltinClassLoader.loadClass(BuiltinClassLoader.java:581)
	at java.base/jdk.internal.loader.ClassLoaders$AppClassLoader.loadClass(ClassLoaders.java:178)
	at java.base/java.lang.ClassLoader.loadClass(ClassLoader.java:522)
	... 24 more
2020-09-16 16:00:53.098  INFO LAPTOP-CGK4CT9N
		--- [           main] c.p.i.App                                : Starting App on LAPTOP-CGK4CT9N with PID 16000 (C:\Users\jraba\eclipse-workspace\inventorymanagement\target\classes started by jraba in C:\Users\jraba\eclipse-workspace\inventorymanagement)
2020-09-16 16:00:53.155  INFO LAPTOP-CGK4CT9N
		--- [           main] ationConfigEmbeddedWebApplicationContext : Refreshing org.springframework.boot.context.embedded.AnnotationConfigEmbeddedWebApplicationContext@331acdad: startup date [Wed Sep 16 16:00:53 MDT 2020]; root of context hierarchy
2020-09-16 16:00:53.726  INFO LAPTOP-CGK4CT9N
		--- [           main] o.s.b.f.s.DefaultListableBeanFactory     : Overriding bean definition for bean 'beanNameViewResolver': replacing [Root bean: class [null]; scope=; abstract=false; lazyInit=false; autowireMode=3; dependencyCheck=0; autowireCandidate=true; primary=false; factoryBeanName=org.springframework.boot.autoconfigure.web.ErrorMvcAutoConfiguration$WhitelabelErrorViewConfiguration; factoryMethodName=beanNameViewResolver; initMethodName=null; destroyMethodName=(inferred); defined in class path resource [org/springframework/boot/autoconfigure/web/ErrorMvcAutoConfiguration$WhitelabelErrorViewConfiguration.class]] with [Root bean: class [null]; scope=; abstract=false; lazyInit=false; autowireMode=3; dependencyCheck=0; autowireCandidate=true; primary=false; factoryBeanName=org.springframework.boot.autoconfigure.web.WebMvcAutoConfiguration$WebMvcAutoConfigurationAdapter; factoryMethodName=beanNameViewResolver; initMethodName=null; destroyMethodName=(inferred); defined in class path resource [org/springframework/boot/autoconfigure/web/WebMvcAutoConfiguration$WebMvcAutoConfigurationAdapter.class]]
2020-09-16 16:00:54.191  INFO LAPTOP-CGK4CT9N
		--- [           main] o.h.v.i.u.Version                        : HV000001: Hibernate Validator 5.1.3.Final
2020-09-16 16:00:54.355  INFO LAPTOP-CGK4CT9N
		--- [           main] trationDelegate$BeanPostProcessorChecker : Bean 'org.springframework.transaction.annotation.ProxyTransactionManagementConfiguration' of type [class org.springframework.transaction.annotation.ProxyTransactionManagementConfiguration$$EnhancerBySpringCGLIB$$d4e70de8] is not eligible for getting processed by all BeanPostProcessors (for example: not eligible for auto-proxying)
2020-09-16 16:00:54.377  INFO LAPTOP-CGK4CT9N
		--- [           main] trationDelegate$BeanPostProcessorChecker : Bean 'transactionAttributeSource' of type [class org.springframework.transaction.annotation.AnnotationTransactionAttributeSource] is not eligible for getting processed by all BeanPostProcessors (for example: not eligible for auto-proxying)
2020-09-16 16:00:54.384  INFO LAPTOP-CGK4CT9N
		--- [           main] trationDelegate$BeanPostProcessorChecker : Bean 'transactionInterceptor' of type [class org.springframework.transaction.interceptor.TransactionInterceptor] is not eligible for getting processed by all BeanPostProcessors (for example: not eligible for auto-proxying)
2020-09-16 16:00:54.389  INFO LAPTOP-CGK4CT9N
		--- [           main] trationDelegate$BeanPostProcessorChecker : Bean 'org.springframework.transaction.config.internalTransactionAdvisor' of type [class org.springframework.transaction.interceptor.BeanFactoryTransactionAttributeSourceAdvisor] is not eligible for getting processed by all BeanPostProcessors (for example: not eligible for auto-proxying)
2020-09-16 16:00:54.798  INFO LAPTOP-CGK4CT9N
		--- [           main] s.b.c.e.t.TomcatEmbeddedServletContainer : Tomcat initialized with port(s): 8080 (http)
2020-09-16 16:00:54.916  INFO LAPTOP-CGK4CT9N
		--- [           main] o.a.c.c.StandardService                  : Starting service Tomcat
2020-09-16 16:00:54.917  INFO LAPTOP-CGK4CT9N
		--- [           main] o.a.c.c.StandardEngine                   : Starting Servlet Engine: Apache Tomcat/8.0.26
2020-09-16 16:00:55.014  INFO LAPTOP-CGK4CT9N
		--- [ost-startStop-1] o.a.c.l.WebappLoader                     : Unknown loader jdk.internal.loader.ClassLoaders$AppClassLoader@7aec35a class jdk.internal.loader.ClassLoaders$AppClassLoader
2020-09-16 16:00:55.035  INFO LAPTOP-CGK4CT9N
		--- [ost-startStop-1] o.a.c.c.C.[.[.[/]                        : Initializing Spring embedded WebApplicationContext
2020-09-16 16:00:55.036  INFO LAPTOP-CGK4CT9N
		--- [ost-startStop-1] o.s.w.c.ContextLoader                    : Root WebApplicationContext: initialization completed in 1893 ms
2020-09-16 16:00:55.687  INFO LAPTOP-CGK4CT9N
		--- [ost-startStop-1] o.s.b.c.e.ServletRegistrationBean        : Mapping servlet: 'dispatcherServlet' to [/]
2020-09-16 16:00:55.691  INFO LAPTOP-CGK4CT9N
		--- [ost-startStop-1] o.s.b.c.e.FilterRegistrationBean         : Mapping filter: 'characterEncodingFilter' to: [/*]
2020-09-16 16:00:55.691  INFO LAPTOP-CGK4CT9N
		--- [ost-startStop-1] o.s.b.c.e.FilterRegistrationBean         : Mapping filter: 'hiddenHttpMethodFilter' to: [/*]
2020-09-16 16:00:55.888  INFO LAPTOP-CGK4CT9N
		--- [ost-startStop-1] o.a.c.u.SessionIdGeneratorBase           : Creation of SecureRandom instance for session ID generation using [SHA1PRNG] took [180] milliseconds.
2020-09-16 16:00:56.115  INFO LAPTOP-CGK4CT9N
		--- [           main] j.LocalContainerEntityManagerFactoryBean : Building JPA container EntityManagerFactory for persistence unit 'default'
2020-09-16 16:00:56.126  INFO LAPTOP-CGK4CT9N
		--- [           main] o.h.j.i.u.LogHelper                      : HHH000204: Processing PersistenceUnitInfo [
	name: default
	...]
2020-09-16 16:00:56.185  INFO LAPTOP-CGK4CT9N
		--- [           main] o.h.Version                              : HHH000412: Hibernate Core {4.3.11.Final}
2020-09-16 16:00:56.187  INFO LAPTOP-CGK4CT9N
		--- [           main] o.h.c.Environment                        : HHH000206: hibernate.properties not found
2020-09-16 16:00:56.188  INFO LAPTOP-CGK4CT9N
		--- [           main] o.h.c.Environment                        : HHH000021: Bytecode provider name : javassist
2020-09-16 16:00:56.352  INFO LAPTOP-CGK4CT9N
		--- [           main] o.h.a.c.Version                          : HCANN000001: Hibernate Commons Annotations {4.0.5.Final}
2020-09-16 16:00:57.046  INFO LAPTOP-CGK4CT9N
		--- [           main] o.h.d.Dialect                            : HHH000400: Using dialect: org.hibernate.dialect.MySQL5Dialect
2020-09-16 16:00:57.204  INFO LAPTOP-CGK4CT9N
		--- [           main] o.h.h.i.a.ASTQueryTranslatorFactory      : HHH000397: Using ASTQueryTranslatorFactory
2020-09-16 16:00:57.531  INFO LAPTOP-CGK4CT9N
		--- [           main] o.h.t.h.SchemaExport                     : HHH000227: Running hbm2ddl schema export
2020-09-16 16:00:57.556 ERROR LAPTOP-CGK4CT9N
		--- [           main] o.h.t.h.SchemaExport                     : HHH000389: Unsuccessful: alter table `order` drop foreign key FK_m6q2ofkj1g5aobtb2p00ajpqg
2020-09-16 16:00:57.557 ERROR LAPTOP-CGK4CT9N
		--- [           main] o.h.t.h.SchemaExport                     : Table 'inventory_api.order' doesn't exist
2020-09-16 16:00:57.558 ERROR LAPTOP-CGK4CT9N
		--- [           main] o.h.t.h.SchemaExport                     : HHH000389: Unsuccessful: alter table `product_order` drop foreign key FK_5uw5nxqovigv7mf1gmbos1rl8
2020-09-16 16:00:57.558 ERROR LAPTOP-CGK4CT9N
		--- [           main] o.h.t.h.SchemaExport                     : Table 'inventory_api.product_order' doesn't exist
2020-09-16 16:00:57.560 ERROR LAPTOP-CGK4CT9N
		--- [           main] o.h.t.h.SchemaExport                     : HHH000389: Unsuccessful: alter table `product_order` drop foreign key FK_sf5yp37b7qt63qqoq25f82lpu
2020-09-16 16:00:57.561 ERROR LAPTOP-CGK4CT9N
		--- [           main] o.h.t.h.SchemaExport                     : Table 'inventory_api.product_order' doesn't exist
2020-09-16 16:00:58.227  INFO LAPTOP-CGK4CT9N
		--- [           main] o.h.t.h.SchemaExport                     : HHH000230: Schema export complete
2020-09-16 16:00:58.662  INFO LAPTOP-CGK4CT9N
		--- [           main] s.w.s.m.m.a.RequestMappingHandlerAdapter : Looking for @ControllerAdvice: org.springframework.boot.context.embedded.AnnotationConfigEmbeddedWebApplicationContext@331acdad: startup date [Wed Sep 16 16:00:53 MDT 2020]; root of context hierarchy
2020-09-16 16:00:58.750  INFO LAPTOP-CGK4CT9N
		--- [           main] s.w.s.m.m.a.RequestMappingHandlerMapping : Mapped "{[/customers],methods=[GET]}" onto public org.springframework.http.ResponseEntity<java.lang.Object> com.promineotech.inventorymanagement.controller.CustomerController.getCustomers()
2020-09-16 16:00:58.750  INFO LAPTOP-CGK4CT9N
		--- [           main] s.w.s.m.m.a.RequestMappingHandlerMapping : Mapped "{[/customers],methods=[POST]}" onto public org.springframework.http.ResponseEntity<java.lang.Object> com.promineotech.inventorymanagement.controller.CustomerController.createCustomer(com.promineotech.inventorymanagement.entity.Customer)
2020-09-16 16:00:58.750  INFO LAPTOP-CGK4CT9N
		--- [           main] s.w.s.m.m.a.RequestMappingHandlerMapping : Mapped "{[/customers/{id}],methods=[GET]}" onto public org.springframework.http.ResponseEntity<java.lang.Object> com.promineotech.inventorymanagement.controller.CustomerController.getCustomer(java.lang.Long)
2020-09-16 16:00:58.750  INFO LAPTOP-CGK4CT9N
		--- [           main] s.w.s.m.m.a.RequestMappingHandlerMapping : Mapped "{[/customers/{id}],methods=[DELETE]}" onto public org.springframework.http.ResponseEntity<java.lang.Object> com.promineotech.inventorymanagement.controller.CustomerController.deleteCustomer(java.lang.Long)
2020-09-16 16:00:58.750  INFO LAPTOP-CGK4CT9N
		--- [           main] s.w.s.m.m.a.RequestMappingHandlerMapping : Mapped "{[/customers/{id}],methods=[PUT]}" onto public org.springframework.http.ResponseEntity<java.lang.Object> com.promineotech.inventorymanagement.controller.CustomerController.updateCustomer(com.promineotech.inventorymanagement.entity.Customer,java.lang.Long)
2020-09-16 16:00:58.751  INFO LAPTOP-CGK4CT9N
		--- [           main] s.w.s.m.m.a.RequestMappingHandlerMapping : Mapped "{[/customers/{id}/orders],methods=[POST]}" onto public org.springframework.http.ResponseEntity<java.lang.Object> com.promineotech.inventorymanagement.controller.OrderController.createCustomer(java.util.Set<java.lang.Long>,java.lang.Long)
2020-09-16 16:00:58.751  INFO LAPTOP-CGK4CT9N
		--- [           main] s.w.s.m.m.a.RequestMappingHandlerMapping : Mapped "{[/customers/{id}/orders/{orderId}],methods=[PUT]}" onto public org.springframework.http.ResponseEntity<java.lang.Object> com.promineotech.inventorymanagement.controller.OrderController.updateOrder(com.promineotech.inventorymanagement.entity.Order,java.lang.Long)
2020-09-16 16:00:58.752  INFO LAPTOP-CGK4CT9N
		--- [           main] s.w.s.m.m.a.RequestMappingHandlerMapping : Mapped "{[/products],methods=[POST]}" onto public org.springframework.http.ResponseEntity<java.lang.Object> com.promineotech.inventorymanagement.controller.ProductController.createProduct(com.promineotech.inventorymanagement.entity.Product)
2020-09-16 16:00:58.752  INFO LAPTOP-CGK4CT9N
		--- [           main] s.w.s.m.m.a.RequestMappingHandlerMapping : Mapped "{[/products/{id}],methods=[DELETE]}" onto public org.springframework.http.ResponseEntity<java.lang.Object> com.promineotech.inventorymanagement.controller.ProductController.deleteProduct(java.lang.Long)
2020-09-16 16:00:58.752  INFO LAPTOP-CGK4CT9N
		--- [           main] s.w.s.m.m.a.RequestMappingHandlerMapping : Mapped "{[/products],methods=[GET]}" onto public org.springframework.http.ResponseEntity<java.lang.Object> com.promineotech.inventorymanagement.controller.ProductController.getProducts()
2020-09-16 16:00:58.752  INFO LAPTOP-CGK4CT9N
		--- [           main] s.w.s.m.m.a.RequestMappingHandlerMapping : Mapped "{[/products/{id}],methods=[PUT]}" onto public org.springframework.http.ResponseEntity<java.lang.Object> com.promineotech.inventorymanagement.controller.ProductController.updateProduct(com.promineotech.inventorymanagement.entity.Product,java.lang.Long)
2020-09-16 16:00:58.753  INFO LAPTOP-CGK4CT9N
		--- [           main] s.w.s.m.m.a.RequestMappingHandlerMapping : Mapped "{[/error]}" onto public org.springframework.http.ResponseEntity<java.util.Map<java.lang.String, java.lang.Object>> org.springframework.boot.autoconfigure.web.BasicErrorController.error(javax.servlet.http.HttpServletRequest)
2020-09-16 16:00:58.753  INFO LAPTOP-CGK4CT9N
		--- [           main] s.w.s.m.m.a.RequestMappingHandlerMapping : Mapped "{[/error],produces=[text/html]}" onto public org.springframework.web.servlet.ModelAndView org.springframework.boot.autoconfigure.web.BasicErrorController.errorHtml(javax.servlet.http.HttpServletRequest)
2020-09-16 16:00:58.774  INFO LAPTOP-CGK4CT9N
		--- [           main] o.s.w.s.h.SimpleUrlHandlerMapping        : Mapped URL path [/webjars/**] onto handler of type [class org.springframework.web.servlet.resource.ResourceHttpRequestHandler]
2020-09-16 16:00:58.775  INFO LAPTOP-CGK4CT9N
		--- [           main] o.s.w.s.h.SimpleUrlHandlerMapping        : Mapped URL path [/**] onto handler of type [class org.springframework.web.servlet.resource.ResourceHttpRequestHandler]
2020-09-16 16:00:58.809  INFO LAPTOP-CGK4CT9N
		--- [           main] o.s.w.s.h.SimpleUrlHandlerMapping        : Mapped URL path [/**/favicon.ico] onto handler of type [class org.springframework.web.servlet.resource.ResourceHttpRequestHandler]
2020-09-16 16:00:58.950  INFO LAPTOP-CGK4CT9N
		--- [           main] o.s.j.e.a.AnnotationMBeanExporter        : Registering beans for JMX exposure on startup
2020-09-16 16:00:58.978  INFO LAPTOP-CGK4CT9N
		--- [           main] o.a.c.h.Http11NioProtocol                : Initializing ProtocolHandler ["http-nio-8080"]
2020-09-16 16:00:58.984  INFO LAPTOP-CGK4CT9N
		--- [           main] o.a.c.h.Http11NioProtocol                : Starting ProtocolHandler ["http-nio-8080"]
2020-09-16 16:00:58.996  INFO LAPTOP-CGK4CT9N
		--- [           main] o.a.t.u.n.NioSelectorPool                : Using a shared selector for servlet write/read
2020-09-16 16:00:59.011  INFO LAPTOP-CGK4CT9N
		--- [           main] s.b.c.e.t.TomcatEmbeddedServletContainer : Tomcat started on port(s): 8080 (http)
2020-09-16 16:00:59.013  INFO LAPTOP-CGK4CT9N
		--- [           main] c.p.i.App                                : Started App in 6.237 seconds (JVM running for 7.096)
2020-09-16 16:04:52.379  INFO LAPTOP-CGK4CT9N
		--- [nio-8080-exec-2] o.a.c.c.C.[.[.[/]                        : Initializing Spring FrameworkServlet 'dispatcherServlet'
2020-09-16 16:04:52.379  INFO LAPTOP-CGK4CT9N
		--- [nio-8080-exec-2] o.s.w.s.DispatcherServlet                : FrameworkServlet 'dispatcherServlet': initialization started
2020-09-16 16:04:52.393  INFO LAPTOP-CGK4CT9N
		--- [nio-8080-exec-2] o.s.w.s.DispatcherServlet                : FrameworkServlet 'dispatcherServlet': initialization completed in 14 ms
2020-09-16 16:04:52.404  WARN LAPTOP-CGK4CT9N
		--- [nio-8080-exec-2] o.s.w.s.PageNotFound                     : Request method 'POST' not supported
2020-09-16 16:19:19.446  WARN LAPTOP-CGK4CT9N
		--- [nio-8080-exec-4] o.s.w.s.PageNotFound                     : Request method 'POST' not supported
2020-09-16 16:19:25.041  WARN LAPTOP-CGK4CT9N
		--- [nio-8080-exec-5] o.s.w.s.PageNotFound                     : Request method 'POST' not supported
2020-09-16 16:28:18.637  WARN LAPTOP-CGK4CT9N
		--- [nio-8080-exec-8] o.s.w.s.PageNotFound                     : Request method 'PUT' not supported
2020-09-16 16:28:29.643  WARN LAPTOP-CGK4CT9N
		--- [nio-8080-exec-9] o.s.w.s.PageNotFound                     : Request method 'PUT' not supported
